# JRE version: OpenJDK Runtime Environment (17.0.11) (build 17.0.11+0--11852314)
# Java VM: OpenJDK 64-Bit Server VM (17.0.11+0--11852314, mixed mode, tiered, compressed oops, compressed class ptrs, g1 gc, windows-amd64)
GC Precious Log:
 CPUs: 8 total, 8 available
 Memory: 8026M
 Large Page Support: Disabled
 NUMA Support: Disabled
 Compressed Oops: Enabled (32-bit)
 Heap Region Size: 1M
 Heap Min Capacity: 8M
 Heap Initial Capacity: 126M
 Heap Max Capacity: 2G
 Pre-touch: Disabled
 Parallel Workers: 8
 Concurrent Workers: 2
 Concurrent Refinement Workers: 8
 Periodic GC: Disabled
Heap:
 garbage-first heap   total 140288K, used 89295K [0x0000000080000000, 0x0000000100000000)
  region size 1024K, 23 young (23552K), 2 survivors (2048K)
 Metaspace       used 81084K, committed 81728K, reserved 1179648K
  class space    used 11230K, committed 11520K, reserved 1048576K
GC Heap History (20 events):
Event: 16.835 GC heap before
{Heap before GC invocations=23 (full 0):
 garbage-first heap   total 96256K, used 57634K [0x0000000080000000, 0x0000000100000000)
  region size 1024K, 4 young (4096K), 1 survivors (1024K)
 Metaspace       used 59760K, committed 60288K, reserved 1114112K
  class space    used 8207K, committed 8448K, reserved 1048576K
}
Event: 16.838 GC heap after
{Heap after GC invocations=24 (full 0):
 garbage-first heap   total 96256K, used 54218K [0x0000000080000000, 0x0000000100000000)
  region size 1024K, 1 young (1024K), 1 survivors (1024K)
 Metaspace       used 59760K, committed 60288K, reserved 1114112K
  class space    used 8207K, committed 8448K, reserved 1048576K
}
Event: 17.148 GC heap before
{Heap before GC invocations=24 (full 0):
 garbage-first heap   total 96256K, used 72650K [0x0000000080000000, 0x0000000100000000)
  region size 1024K, 19 young (19456K), 1 survivors (1024K)
 Metaspace       used 61286K, committed 61824K, reserved 1114112K
  class space    used 8409K, committed 8640K, reserved 1048576K
}
Event: 17.150 GC heap after
{Heap after GC invocations=25 (full 0):
 garbage-first heap   total 96256K, used 54854K [0x0000000080000000, 0x0000000100000000)
  region size 1024K, 2 young (2048K), 2 survivors (2048K)
 Metaspace       used 61286K, committed 61824K, reserved 1114112K
  class space    used 8409K, committed 8640K, reserved 1048576K
}
Event: 17.439 GC heap before
{Heap before GC invocations=26 (full 0):
 garbage-first heap   total 99328K, used 74310K [0x0000000080000000, 0x0000000100000000)
  region size 1024K, 21 young (21504K), 2 survivors (2048K)
 Metaspace       used 63486K, committed 64128K, reserved 1114112K
  class space    used 8635K, committed 8960K, reserved 1048576K
}
Event: 17.441 GC heap after
{Heap after GC invocations=27 (full 0):
 garbage-first heap   total 99328K, used 55136K [0x0000000080000000, 0x0000000100000000)
  region size 1024K, 2 young (2048K), 2 survivors (2048K)
 Metaspace       used 63486K, committed 64128K, reserved 1114112K
  class space    used 8635K, committed 8960K, reserved 1048576K
}
Event: 17.472 GC heap before
{Heap before GC invocations=27 (full 0):
 garbage-first heap   total 99328K, used 57184K [0x0000000080000000, 0x0000000100000000)
  region size 1024K, 4 young (4096K), 2 survivors (2048K)
 Metaspace       used 63707K, committed 64320K, reserved 1114112K
  class space    used 8661K, committed 8960K, reserved 1048576K
}
Event: 17.474 GC heap after
{Heap after GC invocations=28 (full 0):
 garbage-first heap   total 99328K, used 54802K [0x0000000080000000, 0x0000000100000000)
  region size 1024K, 1 young (1024K), 1 survivors (1024K)
 Metaspace       used 63707K, committed 64320K, reserved 1114112K
  class space    used 8661K, committed 8960K, reserved 1048576K
}
Event: 17.794 GC heap before
{Heap before GC invocations=28 (full 0):
 garbage-first heap   total 99328K, used 77330K [0x0000000080000000, 0x0000000100000000)
  region size 1024K, 23 young (23552K), 1 survivors (1024K)
 Metaspace       used 65805K, committed 66368K, reserved 1114112K
  class space    used 9002K, committed 9280K, reserved 1048576K
}
Event: 17.796 GC heap after
{Heap after GC invocations=29 (full 0):
 garbage-first heap   total 140288K, used 55961K [0x0000000080000000, 0x0000000100000000)
  region size 1024K, 2 young (2048K), 2 survivors (2048K)
 Metaspace       used 65805K, committed 66368K, reserved 1114112K
  class space    used 9002K, committed 9280K, reserved 1048576K
}
Event: 18.507 GC heap before
{Heap before GC invocations=30 (full 0):
 garbage-first heap   total 140288K, used 109209K [0x0000000080000000, 0x0000000100000000)
  region size 1024K, 49 young (50176K), 2 survivors (2048K)
 Metaspace       used 69474K, committed 70080K, reserved 1114112K
  class space    used 9467K, committed 9728K, reserved 1048576K
}
Event: 18.511 GC heap after
{Heap after GC invocations=31 (full 0):
 garbage-first heap   total 140288K, used 61529K [0x0000000080000000, 0x0000000100000000)
  region size 1024K, 7 young (7168K), 7 survivors (7168K)
 Metaspace       used 69474K, committed 70080K, reserved 1114112K
  class space    used 9467K, committed 9728K, reserved 1048576K
}
Event: 18.525 GC heap before
{Heap before GC invocations=31 (full 0):
 garbage-first heap   total 140288K, used 62553K [0x0000000080000000, 0x0000000100000000)
  region size 1024K, 8 young (8192K), 7 survivors (7168K)
 Metaspace       used 69563K, committed 70144K, reserved 1114112K
  class space    used 9476K, committed 9728K, reserved 1048576K
}
Event: 18.529 GC heap after
{Heap after GC invocations=32 (full 0):
 garbage-first heap   total 140288K, used 62076K [0x0000000080000000, 0x0000000100000000)
  region size 1024K, 1 young (1024K), 1 survivors (1024K)
 Metaspace       used 69563K, committed 70144K, reserved 1114112K
  class space    used 9476K, committed 9728K, reserved 1048576K
}
Event: 19.649 GC heap before
{Heap before GC invocations=32 (full 0):
 garbage-first heap   total 140288K, used 107132K [0x0000000080000000, 0x0000000100000000)
  region size 1024K, 45 young (46080K), 1 survivors (1024K)
 Metaspace       used 73882K, committed 74432K, reserved 1114112K
  class space    used 10074K, committed 10304K, reserved 1048576K
}
Event: 19.652 GC heap after
{Heap after GC invocations=33 (full 0):
 garbage-first heap   total 140288K, used 63387K [0x0000000080000000, 0x0000000100000000)
  region size 1024K, 2 young (2048K), 2 survivors (2048K)
 Metaspace       used 73882K, committed 74432K, reserved 1114112K
  class space    used 10074K, committed 10304K, reserved 1048576K
}
Event: 23.339 GC heap before
{Heap before GC invocations=33 (full 0):
 garbage-first heap   total 140288K, used 109467K [0x0000000080000000, 0x0000000100000000)
  region size 1024K, 47 young (48128K), 2 survivors (2048K)
 Metaspace       used 76582K, committed 77248K, reserved 1179648K
  class space    used 10417K, committed 10752K, reserved 1048576K
}
Event: 23.344 GC heap after
{Heap after GC invocations=34 (full 0):
 garbage-first heap   total 140288K, used 67398K [0x0000000080000000, 0x0000000100000000)
  region size 1024K, 6 young (6144K), 6 survivors (6144K)
 Metaspace       used 76582K, committed 77248K, reserved 1179648K
  class space    used 10417K, committed 10752K, reserved 1048576K
}
Event: 24.279 GC heap before
{Heap before GC invocations=34 (full 0):
 garbage-first heap   total 140288K, used 110406K [0x0000000080000000, 0x0000000100000000)
  region size 1024K, 48 young (49152K), 6 survivors (6144K)
 Metaspace       used 79570K, committed 80128K, reserved 1179648K
  class space    used 10901K, committed 11200K, reserved 1048576K
}
Event: 24.286 GC heap after
{Heap after GC invocations=35 (full 0):
 garbage-first heap   total 140288K, used 68815K [0x0000000080000000, 0x0000000100000000)
  region size 1024K, 2 young (2048K), 2 survivors (2048K)
 Metaspace       used 79570K, committed 80128K, reserved 1179648K
  class space    used 10901K, committed 11200K, reserved 1048576K
}

