# JRE version: OpenJDK Runtime Environment (17.0.11) (build 17.0.11+0--11852314)
# Java VM: OpenJDK 64-Bit Server VM (17.0.11+0--11852314, mixed mode, tiered, compressed oops, compressed class ptrs, g1 gc, windows-amd64)
GC Precious Log:
 CPUs: 8 total, 8 available
 Memory: 8026M
 Large Page Support: Disabled
 NUMA Support: Disabled
 Compressed Oops: Enabled (32-bit)
 Heap Region Size: 1M
 Heap Min Capacity: 8M
 Heap Initial Capacity: 126M
 Heap Max Capacity: 2G
 Pre-touch: Disabled
 Parallel Workers: 8
 Concurrent Workers: 2
 Concurrent Refinement Workers: 8
 Periodic GC: Disabled
Heap:
 garbage-first heap   total 121856K, used 91338K [0x0000000080000000, 0x0000000100000000)
  region size 1024K, 33 young (33792K), 2 survivors (2048K)
 Metaspace       used 68437K, committed 68992K, reserved 1114112K
  class space    used 9304K, committed 9536K, reserved 1048576K
GC Heap History (20 events):
Event: 21.471 GC heap before
{Heap before GC invocations=19 (full 0):
 garbage-first heap   total 71680K, used 56712K [0x0000000080000000, 0x0000000100000000)
  region size 1024K, 25 young (25600K), 4 survivors (4096K)
 Metaspace       used 56486K, committed 56960K, reserved 1114112K
  class space    used 7777K, committed 8000K, reserved 1048576K
}
Event: 21.476 GC heap after
{Heap after GC invocations=20 (full 0):
 garbage-first heap   total 71680K, used 39743K [0x0000000080000000, 0x0000000100000000)
  region size 1024K, 4 young (4096K), 4 survivors (4096K)
 Metaspace       used 56486K, committed 56960K, reserved 1114112K
  class space    used 7777K, committed 8000K, reserved 1048576K
}
Event: 21.745 GC heap before
{Heap before GC invocations=21 (full 0):
 garbage-first heap   total 71680K, used 57151K [0x0000000080000000, 0x0000000100000000)
  region size 1024K, 22 young (22528K), 4 survivors (4096K)
 Metaspace       used 56650K, committed 57152K, reserved 1114112K
  class space    used 7777K, committed 8000K, reserved 1048576K
}
Event: 21.749 GC heap after
{Heap after GC invocations=22 (full 0):
 garbage-first heap   total 71680K, used 41632K [0x0000000080000000, 0x0000000100000000)
  region size 1024K, 3 young (3072K), 3 survivors (3072K)
 Metaspace       used 56650K, committed 57152K, reserved 1114112K
  class space    used 7777K, committed 8000K, reserved 1048576K
}
Event: 21.942 GC heap before
{Heap before GC invocations=22 (full 0):
 garbage-first heap   total 71680K, used 51872K [0x0000000080000000, 0x0000000100000000)
  region size 1024K, 14 young (14336K), 3 survivors (3072K)
 Metaspace       used 57014K, committed 57536K, reserved 1114112K
  class space    used 7817K, committed 8064K, reserved 1048576K
}
Event: 21.944 GC heap after
{Heap after GC invocations=23 (full 0):
 garbage-first heap   total 71680K, used 42489K [0x0000000080000000, 0x0000000100000000)
  region size 1024K, 3 young (3072K), 3 survivors (3072K)
 Metaspace       used 57014K, committed 57536K, reserved 1114112K
  class space    used 7817K, committed 8064K, reserved 1048576K
}
Event: 22.461 GC heap before
{Heap before GC invocations=24 (full 0):
 garbage-first heap   total 76800K, used 60921K [0x0000000080000000, 0x0000000100000000)
  region size 1024K, 16 young (16384K), 3 survivors (3072K)
 Metaspace       used 57556K, committed 58048K, reserved 1114112K
  class space    used 7917K, committed 8128K, reserved 1048576K
}
Event: 22.463 GC heap after
{Heap after GC invocations=25 (full 0):
 garbage-first heap   total 76800K, used 52812K [0x0000000080000000, 0x0000000100000000)
  region size 1024K, 2 young (2048K), 2 survivors (2048K)
 Metaspace       used 57556K, committed 58048K, reserved 1114112K
  class space    used 7917K, committed 8128K, reserved 1048576K
}
Event: 22.481 GC heap before
{Heap before GC invocations=25 (full 0):
 garbage-first heap   total 76800K, used 53836K [0x0000000080000000, 0x0000000100000000)
  region size 1024K, 3 young (3072K), 2 survivors (2048K)
 Metaspace       used 57669K, committed 58240K, reserved 1114112K
  class space    used 7928K, committed 8192K, reserved 1048576K
}
Event: 22.483 GC heap after
{Heap after GC invocations=26 (full 0):
 garbage-first heap   total 76800K, used 52297K [0x0000000080000000, 0x0000000100000000)
  region size 1024K, 1 young (1024K), 1 survivors (1024K)
 Metaspace       used 57669K, committed 58240K, reserved 1114112K
  class space    used 7928K, committed 8192K, reserved 1048576K
}
Event: 22.602 GC heap before
{Heap before GC invocations=26 (full 0):
 garbage-first heap   total 76800K, used 59465K [0x0000000080000000, 0x0000000100000000)
  region size 1024K, 9 young (9216K), 1 survivors (1024K)
 Metaspace       used 58319K, committed 58880K, reserved 1114112K
  class space    used 8016K, committed 8256K, reserved 1048576K
}
Event: 22.603 GC heap after
{Heap after GC invocations=27 (full 0):
 garbage-first heap   total 76800K, used 52409K [0x0000000080000000, 0x0000000100000000)
  region size 1024K, 1 young (1024K), 1 survivors (1024K)
 Metaspace       used 58319K, committed 58880K, reserved 1114112K
  class space    used 8016K, committed 8256K, reserved 1048576K
}
Event: 22.750 GC heap before
{Heap before GC invocations=28 (full 0):
 garbage-first heap   total 94208K, used 61625K [0x0000000080000000, 0x0000000100000000)
  region size 1024K, 10 young (10240K), 1 survivors (1024K)
 Metaspace       used 58894K, committed 59392K, reserved 1114112K
  class space    used 8089K, committed 8320K, reserved 1048576K
}
Event: 22.751 GC heap after
{Heap after GC invocations=29 (full 0):
 garbage-first heap   total 94208K, used 54137K [0x0000000080000000, 0x0000000100000000)
  region size 1024K, 1 young (1024K), 1 survivors (1024K)
 Metaspace       used 58894K, committed 59392K, reserved 1114112K
  class space    used 8089K, committed 8320K, reserved 1048576K
}
Event: 22.799 GC heap before
{Heap before GC invocations=29 (full 0):
 garbage-first heap   total 94208K, used 56185K [0x0000000080000000, 0x0000000100000000)
  region size 1024K, 4 young (4096K), 1 survivors (1024K)
 Metaspace       used 59170K, committed 59712K, reserved 1114112K
  class space    used 8117K, committed 8384K, reserved 1048576K
}
Event: 22.801 GC heap after
{Heap after GC invocations=30 (full 0):
 garbage-first heap   total 121856K, used 53615K [0x0000000080000000, 0x0000000100000000)
  region size 1024K, 1 young (1024K), 1 survivors (1024K)
 Metaspace       used 59170K, committed 59712K, reserved 1114112K
  class space    used 8117K, committed 8384K, reserved 1048576K
}
Event: 24.947 GC heap before
{Heap before GC invocations=30 (full 0):
 garbage-first heap   total 121856K, used 87407K [0x0000000080000000, 0x0000000100000000)
  region size 1024K, 34 young (34816K), 1 survivors (1024K)
 Metaspace       used 62151K, committed 62720K, reserved 1114112K
  class space    used 8469K, committed 8704K, reserved 1048576K
}
Event: 24.952 GC heap after
{Heap after GC invocations=31 (full 0):
 garbage-first heap   total 121856K, used 54766K [0x0000000080000000, 0x0000000100000000)
  region size 1024K, 2 young (2048K), 2 survivors (2048K)
 Metaspace       used 62151K, committed 62720K, reserved 1114112K
  class space    used 8469K, committed 8704K, reserved 1048576K
}
Event: 28.699 GC heap before
{Heap before GC invocations=31 (full 0):
 garbage-first heap   total 121856K, used 90606K [0x0000000080000000, 0x0000000100000000)
  region size 1024K, 37 young (37888K), 2 survivors (2048K)
 Metaspace       used 65915K, committed 66496K, reserved 1114112K
  class space    used 9002K, committed 9280K, reserved 1048576K
}
Event: 28.705 GC heap after
{Heap after GC invocations=32 (full 0):
 garbage-first heap   total 121856K, used 55498K [0x0000000080000000, 0x0000000100000000)
  region size 1024K, 2 young (2048K), 2 survivors (2048K)
 Metaspace       used 65915K, committed 66496K, reserved 1114112K
  class space    used 9002K, committed 9280K, reserved 1048576K
}

